  ConsoleApplication9.cpp
c:\users\jarek\desktop\zajecia 6\consoleapplication9\consoleapplication9\consoleapplication9.cpp(64): error C2373: "glutWireTetrahedron": zmiana definicji; różne typy modyfikatorów
  c:\users\jarek\desktop\zajecia 6\consoleapplication9\packages\nupengl.core.0.1.0.1\build\native\include\gl\freeglut_std.h(530): note: zobacz deklarację „glutWireTetrahedron”
c:\users\jarek\desktop\zajecia 6\consoleapplication9\consoleapplication9\consoleapplication9.cpp(65): error C2491: "glutWireTetrahedron": definicja dllimport funkcja nie jest dozwolona
c:\users\jarek\desktop\zajecia 6\consoleapplication9\consoleapplication9\consoleapplication9.cpp(116): warning C4244: "argument": konwersja z "int" do "GLfloat", możliwa utrata danych
c:\users\jarek\desktop\zajecia 6\consoleapplication9\consoleapplication9\consoleapplication9.cpp(141): warning C4244: "argument": konwersja z "int" do "GLfloat", możliwa utrata danych
c:\users\jarek\desktop\zajecia 6\consoleapplication9\consoleapplication9\consoleapplication9.cpp(164): warning C4244: "argument": konwersja z "int" do "GLfloat", możliwa utrata danych
c:\users\jarek\desktop\zajecia 6\consoleapplication9\consoleapplication9\consoleapplication9.cpp(186): warning C4244: "argument": konwersja z "int" do "GLfloat", możliwa utrata danych
c:\users\jarek\desktop\zajecia 6\consoleapplication9\consoleapplication9\consoleapplication9.cpp(208): warning C4244: "argument": konwersja z "int" do "GLfloat", możliwa utrata danych
c:\users\jarek\desktop\zajecia 6\consoleapplication9\consoleapplication9\consoleapplication9.cpp(224): warning C4244: "argument": konwersja z "int" do "GLfloat", możliwa utrata danych
c:\users\jarek\desktop\zajecia 6\consoleapplication9\consoleapplication9\consoleapplication9.cpp(240): warning C4244: "argument": konwersja z "int" do "GLfloat", możliwa utrata danych
c:\users\jarek\desktop\zajecia 6\consoleapplication9\consoleapplication9\consoleapplication9.cpp(256): warning C4244: "argument": konwersja z "int" do "GLfloat", możliwa utrata danych
c:\users\jarek\desktop\zajecia 6\consoleapplication9\consoleapplication9\consoleapplication9.cpp(271): warning C4244: "argument": konwersja z "int" do "GLfloat", możliwa utrata danych
c:\users\jarek\desktop\zajecia 6\consoleapplication9\consoleapplication9\consoleapplication9.cpp(286): warning C4244: "argument": konwersja z "int" do "GLfloat", możliwa utrata danych
c:\users\jarek\desktop\zajecia 6\consoleapplication9\consoleapplication9\consoleapplication9.cpp(301): warning C4244: "argument": konwersja z "int" do "GLfloat", możliwa utrata danych
c:\users\jarek\desktop\zajecia 6\consoleapplication9\consoleapplication9\consoleapplication9.cpp(315): warning C4244: "argument": konwersja z "int" do "GLfloat", możliwa utrata danych
c:\users\jarek\desktop\zajecia 6\consoleapplication9\consoleapplication9\consoleapplication9.cpp(329): warning C4244: "argument": konwersja z "int" do "GLfloat", możliwa utrata danych
c:\users\jarek\desktop\zajecia 6\consoleapplication9\consoleapplication9\consoleapplication9.cpp(343): warning C4244: "argument": konwersja z "int" do "GLfloat", możliwa utrata danych
c:\users\jarek\desktop\zajecia 6\consoleapplication9\consoleapplication9\consoleapplication9.cpp(357): warning C4244: "argument": konwersja z "int" do "GLfloat", możliwa utrata danych
c:\users\jarek\desktop\zajecia 6\consoleapplication9\consoleapplication9\consoleapplication9.cpp(371): warning C4244: "argument": konwersja z "int" do "GLfloat", możliwa utrata danych
c:\users\jarek\desktop\zajecia 6\consoleapplication9\consoleapplication9\consoleapplication9.cpp(669): warning C4305: "+=": obcięcie z "double" do "GLfloat"
c:\users\jarek\desktop\zajecia 6\consoleapplication9\consoleapplication9\consoleapplication9.cpp(674): warning C4305: "-=": obcięcie z "double" do "GLfloat"
c:\users\jarek\desktop\zajecia 6\consoleapplication9\consoleapplication9\consoleapplication9.cpp(735): warning C4244: "+=": konwersja z "double" do "GLfloat", możliwa utrata danych
c:\users\jarek\desktop\zajecia 6\consoleapplication9\consoleapplication9\consoleapplication9.cpp(737): warning C4244: "+=": konwersja z "double" do "GLfloat", możliwa utrata danych
